#
# There is insufficient memory for the Java Runtime Environment to continue.
# Native memory allocation (malloc) failed to allocate 1564816 bytes for Chunk::new
# Possible reasons:
#   The system is out of physical RAM or swap space
#   In 32 bit mode, the process size limit was hit
# Possible solutions:
#   Reduce memory load on the system
#   Increase physical memory or swap space
#   Check if swap backing store is full
#   Use 64 bit Java on a 64 bit OS
#   Decrease Java heap size (-Xmx/-Xms)
#   Decrease number of Java threads
#   Decrease Java thread stack sizes (-Xss)
#   Set larger code cache with -XX:ReservedCodeCacheSize=
# This output file may be truncated or incomplete.
#
#  Out of Memory Error (allocation.cpp:390), pid=10724, tid=5772
#
# JRE version: Java(TM) SE Runtime Environment (8.0_66-b18) (build 1.8.0_66-b18)
# Java VM: Java HotSpot(TM) 64-Bit Server VM (25.66-b18 mixed mode windows-amd64 compressed oops)
# Failed to write core dump. Minidumps are not enabled by default on client versions of Windows
#

---------------  T H R E A D  ---------------

Current thread (0x0000000017314800):  JavaThread "C2 CompilerThread0" daemon [_thread_in_native, id=5772, stack(0x0000000017890000,0x0000000017990000)]

Stack: [0x0000000017890000,0x0000000017990000]
[error occurred during error reporting (printing stack bounds), id 0xc0000005]

Native frames: (J=compiled Java code, j=interpreted, Vv=VM code, C=native code)


Current CompileTask:
C2:   1348 1648   !   4       com.android.dx.cf.code.RopperMachine::run (1550 bytes)


---------------  P R O C E S S  ---------------

Java Threads: ( => current thread )
  0x00000000175c2800 JavaThread "pool-2-thread-4" [_thread_in_Java, id=8792, stack(0x0000000018290000,0x0000000018390000)]
  0x00000000174a0000 JavaThread "pool-3-thread-1" [_thread_blocked, id=7764, stack(0x0000000017f90000,0x0000000018090000)]
  0x00000000173b2000 JavaThread "Service Thread" daemon [_thread_blocked, id=11248, stack(0x0000000017c90000,0x0000000017d90000)]
  0x000000001732a800 JavaThread "C1 CompilerThread3" daemon [_thread_blocked, id=9936, stack(0x0000000017b90000,0x0000000017c90000)]
  0x000000001731d000 JavaThread "C2 CompilerThread2" daemon [_thread_in_native, id=6452, stack(0x0000000017a90000,0x0000000017b90000)]
  0x0000000017318000 JavaThread "C2 CompilerThread1" daemon [_thread_in_native, id=6324, stack(0x0000000017990000,0x0000000017a90000)]
=>0x0000000017314800 JavaThread "C2 CompilerThread0" daemon [_thread_in_native, id=5772, stack(0x0000000017890000,0x0000000017990000)]
  0x0000000017313000 JavaThread "Attach Listener" daemon [_thread_blocked, id=9240, stack(0x0000000017790000,0x0000000017890000)]
  0x00000000172c7800 JavaThread "Signal Dispatcher" daemon [_thread_blocked, id=9924, stack(0x0000000017690000,0x0000000017790000)]
  0x000000000279a000 JavaThread "Finalizer" daemon [_thread_blocked, id=2012, stack(0x0000000017190000,0x0000000017290000)]
  0x0000000002792000 JavaThread "Reference Handler" daemon [_thread_blocked, id=2100, stack(0x0000000017090000,0x0000000017190000)]
  0x00000000026a0800 JavaThread "main" [_thread_blocked, id=7348, stack(0x00000000025a0000,0x00000000026a0000)]

Other Threads:
  0x00000000152b9800 VMThread [stack: 0x0000000016f90000,0x0000000017090000] [id=6696]
  0x000000001742e000 WatcherThread [stack: 0x0000000017d90000,0x0000000017e90000] [id=3652]

VM state:at safepoint (normal execution)

VM Mutex/Monitor currently owned by a thread:  ([mutex/lock_event])
[0x00000000021db730] Threads_lock - owner thread: 0x00000000152b9800
[0x00000000021dbeb0] Heap_lock - owner thread: 0x00000000175c2800

Heap:
 PSYoungGen      total 71680K, used 66560K [0x00000000eab00000, 0x00000000ef600000, 0x0000000100000000)
  eden space 66560K, 100% used [0x00000000eab00000,0x00000000eec00000,0x00000000eec00000)
  from space 5120K, 0% used [0x00000000ef100000,0x00000000ef100000,0x00000000ef600000)
  to   space 5120K, 0% used [0x00000000eec00000,0x00000000eec00000,0x00000000ef100000)
 ParOldGen       total 87552K, used 28930K [0x00000000c0000000, 0x00000000c5580000, 0x00000000eab00000)
  object space 87552K, 33% used [0x00000000c0000000,0x00000000c1c40bb8,0x00000000c5580000)
 Metaspace       used 5878K, capacity 7024K, committed 7296K, reserved 1056768K
  class space    used 578K, capacity 616K, committed 640K, reserved 1048576K

Card table byte_map: [0x0000000011b60000,0x0000000011d70000] byte_map_base: 0x0000000011560000

Marking Bits: (ParMarkBitMap*) 0x0000000075f9a5b0
 Begin Bits: [0x00000000126d0000, 0x00000000136d0000)
 End Bits:   [0x00000000136d0000, 0x00000000146d0000)

Polling page: 0x00000000020f0000

CodeCache: size=245760Kb used=6948Kb max_used=6952Kb free=238811Kb
 bounds [0x00000000027a0000, 0x0000000002e80000, 0x00000000117a0000]
 total_blobs=1891 nmethods=1627 adapters=177
 compilation: enabled

Compilation events (10 events):
Event: 1.314 Thread 0x000000001732a800 nmethod 1698 0x0000000002e64490 code [0x0000000002e646c0, 0x0000000002e65378]
Event: 1.314 Thread 0x0000000017318000 1656 %     4       com.android.dx.ssa.PhiInsn::mapSourceRegisters @ 8 (78 bytes)
Event: 1.326 Thread 0x000000001732a800 1701       3       com.android.dx.rop.code.LocalVariableExtractor::doit (49 bytes)
Event: 1.327 Thread 0x000000001732a800 nmethod 1701 0x0000000002e31750 code [0x0000000002e318e0, 0x0000000002e31d98]
Event: 1.327 Thread 0x000000001732a800 1702       3       com.android.dx.dex.code.BlockAddresses::setupArrays (113 bytes)
Event: 1.328 Thread 0x000000001732a800 nmethod 1702 0x0000000002e61950 code [0x0000000002e61c00, 0x0000000002e63658]
Event: 1.331 Thread 0x000000001732a800 1706       2       com.android.dx.dex.file.ClassDefItem::addDirectMethod (9 bytes)
Event: 1.331 Thread 0x000000001732a800 nmethod 1706 0x0000000002e2f550 code [0x0000000002e2f6e0, 0x0000000002e2fa18]
Event: 1.336 Thread 0x000000001732a800 1707       2       com.android.dx.util.Bits::bitCount (29 bytes)
Event: 1.336 Thread 0x000000001732a800 nmethod 1707 0x0000000002e26050 code [0x0000000002e261c0, 0x0000000002e263a8]

GC Heap History (10 events):
Event: 0.412 GC heap before
{Heap before GC invocations=1 (full 0):
 PSYoungGen      total 38400K, used 33280K [0x00000000eab00000, 0x00000000ed580000, 0x0000000100000000)
  eden space 33280K, 100% used [0x00000000eab00000,0x00000000ecb80000,0x00000000ecb80000)
  from space 5120K, 0% used [0x00000000ed080000,0x00000000ed080000,0x00000000ed580000)
  to   space 5120K, 0% used [0x00000000ecb80000,0x00000000ecb80000,0x00000000ed080000)
 ParOldGen       total 87552K, used 0K [0x00000000c0000000, 0x00000000c5580000, 0x00000000eab00000)
  object space 87552K, 0% used [0x00000000c0000000,0x00000000c0000000,0x00000000c5580000)
 Metaspace       used 5612K, capacity 6832K, committed 7040K, reserved 1056768K
  class space    used 570K, capacity 616K, committed 640K, reserved 1048576K
Event: 0.421 GC heap after
Heap after GC invocations=1 (full 0):
 PSYoungGen      total 38400K, used 5098K [0x00000000eab00000, 0x00000000ef600000, 0x0000000100000000)
  eden space 33280K, 0% used [0x00000000eab00000,0x00000000eab00000,0x00000000ecb80000)
  from space 5120K, 99% used [0x00000000ecb80000,0x00000000ed07a938,0x00000000ed080000)
  to   space 5120K, 0% used [0x00000000ef100000,0x00000000ef100000,0x00000000ef600000)
 ParOldGen       total 87552K, used 2914K [0x00000000c0000000, 0x00000000c5580000, 0x00000000eab00000)
  object space 87552K, 3% used [0x00000000c0000000,0x00000000c02d8848,0x00000000c5580000)
 Metaspace       used 5612K, capacity 6832K, committed 7040K, reserved 1056768K
  class space    used 570K, capacity 616K, committed 640K, reserved 1048576K
}
Event: 0.587 GC heap before
{Heap before GC invocations=2 (full 0):
 PSYoungGen      total 38400K, used 38378K [0x00000000eab00000, 0x00000000ef600000, 0x0000000100000000)
  eden space 33280K, 100% used [0x00000000eab00000,0x00000000ecb80000,0x00000000ecb80000)
  from space 5120K, 99% used [0x00000000ecb80000,0x00000000ed07a938,0x00000000ed080000)
  to   space 5120K, 0% used [0x00000000ef100000,0x00000000ef100000,0x00000000ef600000)
 ParOldGen       total 87552K, used 2914K [0x00000000c0000000, 0x00000000c5580000, 0x00000000eab00000)
  object space 87552K, 3% used [0x00000000c0000000,0x00000000c02d8848,0x00000000c5580000)
 Metaspace       used 5757K, capacity 6960K, committed 7040K, reserved 1056768K
  class space    used 576K, capacity 616K, committed 640K, reserved 1048576K
Event: 0.600 GC heap after
Heap after GC invocations=2 (full 0):
 PSYoungGen      total 71680K, used 5106K [0x00000000eab00000, 0x00000000ef600000, 0x0000000100000000)
  eden space 66560K, 0% used [0x00000000eab00000,0x00000000eab00000,0x00000000eec00000)
  from space 5120K, 99% used [0x00000000ef100000,0x00000000ef5fcbd8,0x00000000ef600000)
  to   space 5120K, 0% used [0x00000000eec00000,0x00000000eec00000,0x00000000ef100000)
 ParOldGen       total 87552K, used 12105K [0x00000000c0000000, 0x00000000c5580000, 0x00000000eab00000)
  object space 87552K, 13% used [0x00000000c0000000,0x00000000c0bd26f8,0x00000000c5580000)
 Metaspace       used 5757K, capacity 6960K, committed 7040K, reserved 1056768K
  class space    used 576K, capacity 616K, committed 640K, reserved 1048576K
}
Event: 0.786 GC heap before
{Heap before GC invocations=3 (full 0):
 PSYoungGen      total 71680K, used 71666K [0x00000000eab00000, 0x00000000ef600000, 0x0000000100000000)
  eden space 66560K, 100% used [0x00000000eab00000,0x00000000eec00000,0x00000000eec00000)
  from space 5120K, 99% used [0x00000000ef100000,0x00000000ef5fcbd8,0x00000000ef600000)
  to   space 5120K, 0% used [0x00000000eec00000,0x00000000eec00000,0x00000000ef100000)
 ParOldGen       total 87552K, used 12105K [0x00000000c0000000, 0x00000000c5580000, 0x00000000eab00000)
  object space 87552K, 13% used [0x00000000c0000000,0x00000000c0bd26f8,0x00000000c5580000)
 Metaspace       used 5800K, capacity 6960K, committed 7040K, reserved 1056768K
  class space    used 576K, capacity 616K, committed 640K, reserved 1048576K
Event: 0.805 GC heap after
Heap after GC invocations=3 (full 0):
 PSYoungGen      total 71680K, used 5106K [0x00000000eab00000, 0x00000000ef600000, 0x0000000100000000)
  eden space 66560K, 0% used [0x00000000eab00000,0x00000000eab00000,0x00000000eec00000)
  from space 5120K, 99% used [0x00000000eec00000,0x00000000ef0fc890,0x00000000ef100000)
  to   space 5120K, 0% used [0x00000000ef100000,0x00000000ef100000,0x00000000ef600000)
 ParOldGen       total 87552K, used 37504K [0x00000000c0000000, 0x00000000c5580000, 0x00000000eab00000)
  object space 87552K, 42% used [0x00000000c0000000,0x00000000c24a0008,0x00000000c5580000)
 Metaspace       used 5800K, capacity 6960K, committed 7040K, reserved 1056768K
  class space    used 576K, capacity 616K, committed 640K, reserved 1048576K
}
Event: 1.016 GC heap before
{Heap before GC invocations=4 (full 0):
 PSYoungGen      total 71680K, used 71666K [0x00000000eab00000, 0x00000000ef600000, 0x0000000100000000)
  eden space 66560K, 100% used [0x00000000eab00000,0x00000000eec00000,0x00000000eec00000)
  from space 5120K, 99% used [0x00000000eec00000,0x00000000ef0fc890,0x00000000ef100000)
  to   space 5120K, 0% used [0x00000000ef100000,0x00000000ef100000,0x00000000ef600000)
 ParOldGen       total 87552K, used 37504K [0x00000000c0000000, 0x00000000c5580000, 0x00000000eab00000)
  object space 87552K, 42% used [0x00000000c0000000,0x00000000c24a0008,0x00000000c5580000)
 Metaspace       used 5853K, capacity 7024K, committed 7296K, reserved 1056768K
  class space    used 576K, capacity 616K, committed 640K, reserved 1048576K
Event: 1.038 GC heap after
Heap after GC invocations=4 (full 0):
 PSYoungGen      total 71680K, used 5117K [0x00000000eab00000, 0x00000000ef600000, 0x0000000100000000)
  eden space 66560K, 0% used [0x00000000eab00000,0x00000000eab00000,0x00000000eec00000)
  from space 5120K, 99% used [0x00000000ef100000,0x00000000ef5ff590,0x00000000ef600000)
  to   space 5120K, 0% used [0x00000000eec00000,0x00000000eec00000,0x00000000ef100000)
 ParOldGen       total 87552K, used 57326K [0x00000000c0000000, 0x00000000c5580000, 0x00000000eab00000)
  object space 87552K, 65% used [0x00000000c0000000,0x00000000c37fb8e8,0x00000000c5580000)
 Metaspace       used 5853K, capacity 7024K, committed 7296K, reserved 1056768K
  class space    used 576K, capacity 616K, committed 640K, reserved 1048576K
}
Event: 1.038 GC heap before
{Heap before GC invocations=5 (full 1):
 PSYoungGen      total 71680K, used 5117K [0x00000000eab00000, 0x00000000ef600000, 0x0000000100000000)
  eden space 66560K, 0% used [0x00000000eab00000,0x00000000eab00000,0x00000000eec00000)
  from space 5120K, 99% used [0x00000000ef100000,0x00000000ef5ff590,0x00000000ef600000)
  to   space 5120K, 0% used [0x00000000eec00000,0x00000000eec00000,0x00000000ef100000)
 ParOldGen       total 87552K, used 57326K [0x00000000c0000000, 0x00000000c5580000, 0x00000000eab00000)
  object space 87552K, 65% used [0x00000000c0000000,0x00000000c37fb8e8,0x00000000c5580000)
 Metaspace       used 5853K, capacity 7024K, committed 7296K, reserved 1056768K
  class space    used 576K, capacity 616K, committed 640K, reserved 1048576K
Event: 1.116 GC heap after
Heap after GC invocations=5 (full 1):
 PSYoungGen      total 71680K, used 0K [0x00000000eab00000, 0x00000000ef600000, 0x0000000100000000)
  eden space 66560K, 0% used [0x00000000eab00000,0x00000000eab00000,0x00000000eec00000)
  from space 5120K, 0% used [0x00000000ef100000,0x00000000ef100000,0x00000000ef600000)
  to   space 5120K, 0% used [0x00000000eec00000,0x00000000eec00000,0x00000000ef100000)
 ParOldGen       total 87552K, used 28930K [0x00000000c0000000, 0x00000000c5580000, 0x00000000eab00000)
  object space 87552K, 33% used [0x00000000c0000000,0x00000000c1c40bb8,0x00000000c5580000)
 Metaspace       used 5853K, capacity 7024K, committed 7296K, reserved 1056768K
  class space    used 576K, capacity 616K, committed 640K, reserved 1048576K
}

Deoptimization events (10 events):
Event: 0.514 Thread 0x00000000175c2800 Uncommon trap: reason=class_check action=maybe_recompile pc=0x00000000029eb2b8 method=com.android.dx.rop.type.Type.equals(Ljava/lang/Object;)Z @ 8
Event: 0.514 Thread 0x00000000175c2800 Uncommon trap: reason=unstable_if action=reinterpret pc=0x0000000002b4ed84 method=com.android.dx.rop.code.RegisterSpec.equals(ILcom/android/dx/rop/type/TypeBearer;Lcom/android/dx/rop/code/LocalItem;)Z @ 16
Event: 0.514 Thread 0x00000000175c2800 Uncommon trap: reason=unstable_if action=reinterpret pc=0x0000000002a62a38 method=com.android.dx.cf.code.Ropper.labelToResultIndex(I)I @ 34
Event: 0.519 Thread 0x0000000017562000 Uncommon trap: reason=unstable_if action=reinterpret pc=0x0000000002bb3468 method=com.android.dx.util.LabeledList.set(ILcom/android/dx/util/LabeledItem;)V @ 16
Event: 0.538 Thread 0x00000000175c2800 Uncommon trap: reason=unstable_if action=reinterpret pc=0x0000000002ad3cb4 method=com.android.dx.rop.code.RegisterSpec.equals(ILcom/android/dx/rop/type/TypeBearer;Lcom/android/dx/rop/code/LocalItem;)Z @ 16
Event: 0.670 Thread 0x00000000174a5000 Uncommon trap: reason=class_check action=maybe_recompile pc=0x0000000002bfaa44 method=com.android.dx.ssa.NormalSsaInsn.accept(Lcom/android/dx/ssa/SsaInsn$Visitor;)V @ 9
Event: 0.671 Thread 0x00000000174a5000 Uncommon trap: reason=class_check action=maybe_recompile pc=0x0000000002bfaa44 method=com.android.dx.ssa.NormalSsaInsn.accept(Lcom/android/dx/ssa/SsaInsn$Visitor;)V @ 9
Event: 0.675 Thread 0x00000000174a5000 Uncommon trap: reason=class_check action=maybe_recompile pc=0x0000000002b7d05c method=com.android.dx.ssa.NormalSsaInsn.accept(Lcom/android/dx/ssa/SsaInsn$Visitor;)V @ 9
Event: 0.843 Thread 0x00000000174a5000 Uncommon trap: reason=unstable_if action=reinterpret pc=0x0000000002ad6638 method=com.android.dx.rop.code.RegisterSpec.equals(ILcom/android/dx/rop/type/TypeBearer;Lcom/android/dx/rop/code/LocalItem;)Z @ 16
Event: 0.854 Thread 0x00000000174a5000 Uncommon trap: reason=uninitialized action=reinterpret pc=0x0000000002cbd39c method=com.android.dx.cf.code.BytecodeArray.parseInstruction(ILcom/android/dx/cf/code/BytecodeArray$Visitor;)I @ 1031

Internal exceptions (2 events):
Event: 0.023 Thread 0x00000000026a0800 Exception <a 'java/lang/NoSuchMethodError': Method sun.misc.Unsafe.defineClass(Ljava/lang/String;[BII)Ljava/lang/Class; name or signature does not match> (0x00000000eab13030) thrown at [C:\re\workspace\8-2-build-windows-amd64-cygwin\jdk8u66\5298\hotspot\sr¬ä@("û—?
Event: 0.023 Thread 0x00000000026a0800 Exception <a 'java/lang/NoSuchMethodError': Method sun.misc.Unsafe.prefetchRead(Ljava/lang/Object;J)V name or signature does not match> (0x00000000eab13318) thrown at [C:\re\workspace\8-2-build-windows-amd64-cygwin\jdk8u66\5298\hotspot\src\share\vm\prims\j

Events (10 events):
Event: 1.309 Thread 0x000000001749c000 DEOPT UNPACKING pc=0x00000000027e787f sp=0x0000000017f8e4d8 mode 0
Event: 1.310 Thread 0x000000001749c000 DEOPT PACKING pc=0x0000000002c7a533 sp=0x0000000017f8e810
Event: 1.310 Thread 0x000000001749c000 DEOPT UNPACKING pc=0x00000000027e787f sp=0x0000000017f8e5c8 mode 0
Event: 1.313 Thread 0x000000001749c000 DEOPT PACKING pc=0x0000000002c693df sp=0x0000000017f8e7d0
Event: 1.313 Thread 0x000000001749c000 DEOPT UNPACKING pc=0x00000000027e787f sp=0x0000000017f8e548 mode 0
Event: 1.326 Thread 0x000000001749c000 DEOPT PACKING pc=0x0000000002c6be6b sp=0x0000000017f8ea80
Event: 1.326 Thread 0x000000001749c000 DEOPT UNPACKING pc=0x00000000027e787f sp=0x0000000017f8e7d8 mode 0
Event: 1.327 Thread 0x000000001749c000 DEOPT PACKING pc=0x0000000002cad432 sp=0x0000000017f8e880
Event: 1.327 Thread 0x000000001749c000 DEOPT UNPACKING pc=0x00000000027e787f sp=0x0000000017f8e658 mode 0
Event: 1.333 Thread 0x000000001749c000 Thread exited: 0x000000001749c000


Dynamic libraries:
0x00007ff7bf290000 - 0x00007ff7bf2c7000 	E:\Java\jdk1.8.0\bin\java.exe
0x00007ffa17fb0000 - 0x00007ffa18171000 	C:\Windows\SYSTEM32\ntdll.dll
0x00007ffa15470000 - 0x00007ffa1551d000 	C:\Windows\system32\KERNEL32.DLL
0x00007ffa147c0000 - 0x00007ffa149a8000 	C:\Windows\system32\KERNELBASE.dll
0x00007ffa15520000 - 0x00007ffa155c7000 	C:\Windows\system32\ADVAPI32.dll
0x00007ffa17460000 - 0x00007ffa174fd000 	C:\Windows\system32\msvcrt.dll
0x00007ffa17a70000 - 0x00007ffa17acb000 	C:\Windows\system32\sechost.dll
0x00007ffa156c0000 - 0x00007ffa157dc000 	C:\Windows\system32\RPCRT4.dll
0x00007ffa16eb0000 - 0x00007ffa17006000 	C:\Windows\system32\USER32.dll
0x00007ffa17180000 - 0x00007ffa17306000 	C:\Windows\system32\GDI32.dll
0x00007ffa0f4e0000 - 0x00007ffa0f754000 	C:\Windows\WinSxS\amd64_microsoft.windows.common-controls_6595b64144ccf1df_6.0.10586.0_none_8c15ae12515e1c22\COMCTL32.dll
0x00007ffa17ce0000 - 0x00007ffa17f5d000 	C:\Windows\system32\combase.dll
0x00007ffa149b0000 - 0x00007ffa14a1a000 	C:\Windows\system32\bcryptPrimitives.dll
0x00007ffa17f70000 - 0x00007ffa17fab000 	C:\Windows\system32\IMM32.DLL
0x00000000751f0000 - 0x00000000752c2000 	E:\Java\jdk1.8.0\jre\bin\msvcr100.dll
0x0000000075790000 - 0x0000000076019000 	E:\Java\jdk1.8.0\jre\bin\server\jvm.dll
0x00007ffa16ea0000 - 0x00007ffa16ea8000 	C:\Windows\system32\PSAPI.DLL
0x00007ffa11a30000 - 0x00007ffa11a39000 	C:\Windows\SYSTEM32\WSOCK32.dll
0x00007ffa12950000 - 0x00007ffa12973000 	C:\Windows\SYSTEM32\WINMM.dll
0x00007ffa10570000 - 0x00007ffa1057a000 	C:\Windows\SYSTEM32\VERSION.dll
0x00007ffa17500000 - 0x00007ffa1756b000 	C:\Windows\system32\WS2_32.dll
0x0000000002080000 - 0x00000000020ac000 	C:\Windows\SYSTEM32\WINMMBASE.dll
0x00007ffa14770000 - 0x00007ffa147b3000 	C:\Windows\system32\cfgmgr32.dll
0x00000000756a0000 - 0x00000000756af000 	E:\Java\jdk1.8.0\jre\bin\verify.dll
0x0000000075670000 - 0x0000000075699000 	E:\Java\jdk1.8.0\jre\bin\java.dll
0x0000000075650000 - 0x0000000075666000 	E:\Java\jdk1.8.0\jre\bin\zip.dll
0x00007ffa15940000 - 0x00007ffa16e9c000 	C:\Windows\system32\SHELL32.dll
0x00007ffa14d60000 - 0x00007ffa153a5000 	C:\Windows\system32\windows.storage.dll
0x00007ffa17a10000 - 0x00007ffa17a62000 	C:\Windows\system32\shlwapi.dll
0x00007ffa14630000 - 0x00007ffa1463f000 	C:\Windows\system32\kernel.appcore.dll
0x00007ffa14bf0000 - 0x00007ffa14ca5000 	C:\Windows\system32\shcore.dll
0x00007ffa145d0000 - 0x00007ffa1461b000 	C:\Windows\system32\powrprof.dll
0x00007ffa14640000 - 0x00007ffa14654000 	C:\Windows\system32\profapi.dll

VM Arguments:
jvm_args: -Djava.awt.headless=true -Xmx1024M -Dfile.encoding=GBK -Duser.country=CN -Duser.language=zh -Duser.variant 
java_command: com.android.dx.command.Main --dex --force-jumbo --num-threads=4 --multi-dex --output D:\AndroidProject\Sleep\app\build\intermediates\transforms\dex\debug\folders\1000\5\slice_0 D:\AndroidProject\Sleep\app\build\intermediates\transforms\instantRunSlicer\debug\folders\1\5\slice_0
java_class_path (initial): D:\Android\sdk\android-sdks\build-tools\build-tools-23.0.1\lib\dx.jar
Launcher Type: SUN_STANDARD

Environment Variables:
JAVA_HOME=E:\Java\jdk1.8.0
CLASSPATH=.;E:\Java\jdk1.8.0\lib\tools.jar;E:\Java\jdk1.8.0\lib\dt.jar;D:\Antlr\antlr-4.5.2-complete.jar
PATH=E:\Java\jdk1.8.0\bin;C:\Windows\system32;C:\Windows;C:\Windows\System32\Wbem;C:\Windows\System32\WindowsPowerShell\v1.0\;C:\Program Files (x86)\NVIDIA Corporation\PhysX\Common;D:\nodejs\;D:\Git/bin;C:\Program Files\Microsoft SQL Server\120\Tools\Binn\;D:\Bandizip\7z;D:\MaShang6\bin;C:\Users\LWQ\AppData\Roaming\npm
USERNAME=LWQ
OS=Windows_NT
PROCESSOR_IDENTIFIER=Intel64 Family 6 Model 60 Stepping 3, GenuineIntel



---------------  S Y S T E M  ---------------

OS: Windows 10.0 , 64 bit Build 10586 (10.0.10586.0)

CPU:total 8 (4 cores per cpu, 2 threads per core) family 6 model 60 stepping 3, cmov, cx8, fxsr, mmx, sse, sse2, sse3, ssse3, sse4.1, sse4.2, popcnt, avx, avx2, aes, clmul, erms, lzcnt, ht, tsc, tscinvbit, bmi1, bmi2

Memory: 4k page, physical 8306728k(2200432k free), swap 8306728k(9764k free)

vm_info: Java HotSpot(TM) 64-Bit Server VM (25.66-b18) for windows-amd64 JRE (1.8.0_66-b18), built on Nov  9 2015 10:51:13 by "java_re" with MS VC++ 10.0 (VS2010)

time: Sun Apr 10 21:38:46 2016
elapsed time: 1 seconds (0d 0h 0m 1s)

