#
# There is insufficient memory for the Java Runtime Environment to continue.
# Native memory allocation (malloc) failed to allocate 1048576 bytes for AllocateHeap
# Possible reasons:
#   The system is out of physical RAM or swap space
#   In 32 bit mode, the process size limit was hit
# Possible solutions:
#   Reduce memory load on the system
#   Increase physical memory or swap space
#   Check if swap backing store is full
#   Use 64 bit Java on a 64 bit OS
#   Decrease Java heap size (-Xmx/-Xms)
#   Decrease number of Java threads
#   Decrease Java thread stack sizes (-Xss)
#   Set larger code cache with -XX:ReservedCodeCacheSize=
# This output file may be truncated or incomplete.
#
#  Out of Memory Error (memory/allocation.inline.hpp:61), pid=5568, tid=2236
#
# JRE version:  (8.0_66-b18) (build )
# Java VM: Java HotSpot(TM) 64-Bit Server VM (25.66-b18 mixed mode windows-amd64 compressed oops)
# Failed to write core dump. Minidumps are not enabled by default on client versions of Windows
#

---------------  T H R E A D  ---------------

Current thread (0x0000000002640800):  JavaThread "Unknown thread" [_thread_in_vm, id=2236, stack(0x0000000002540000,0x0000000002640000)]

Stack: [0x0000000002540000,0x0000000002640000]
[error occurred during error reporting (printing stack bounds), id 0xc0000005]

Native frames: (J=compiled Java code, j=interpreted, Vv=VM code, C=native code)


---------------  P R O C E S S  ---------------

Java Threads: ( => current thread )

Other Threads:

=>0x0000000002640800 (exited) JavaThread "Unknown thread" [_thread_in_vm, id=2236, stack(0x0000000002540000,0x0000000002640000)]

VM state:not at safepoint (normal execution)

VM Mutex/Monitor currently owned by a thread: None

Heap:
 PSYoungGen      total 38400K, used 665K [0x00000000eab00000, 0x00000000ed580000, 0x0000000100000000)
  eden space 33280K, 2% used [0x00000000eab00000,0x00000000eaba6670,0x00000000ecb80000)
  from space 5120K, 0% used [0x00000000ed080000,0x00000000ed080000,0x00000000ed580000)
  to   space 5120K, 0% used [0x00000000ecb80000,0x00000000ecb80000,0x00000000ed080000)
 ParOldGen       total 87552K, used 0K [0x00000000c0000000, 0x00000000c5580000, 0x00000000eab00000)
  object space 87552K, 0% used [0x00000000c0000000,0x00000000c0000000,0x00000000c5580000)
 Metaspace       used 767K, capacity 4480K, committed 4480K, reserved 1056768K
  class space    used 75K, capacity 384K, committed 384K, reserved 1048576K

Card table byte_map: [0x0000000011b00000,0x0000000011d10000] byte_map_base: 0x0000000011500000

Marking Bits: (ParMarkBitMap*) 0x0000000075f9a5b0
 Begin Bits: [0x0000000012670000, 0x0000000013670000)
 End Bits:   [0x0000000013670000, 0x0000000014670000)

Polling page: 0x0000000000880000

CodeCache: size=245760Kb used=328Kb max_used=328Kb free=245431Kb
 bounds [0x0000000002740000, 0x00000000029b0000, 0x0000000011740000]
 total_blobs=57 nmethods=0 adapters=37
 compilation: enabled

Compilation events (0 events):
No events

GC Heap History (0 events):
No events

Deoptimization events (0 events):
No events

Internal exceptions (0 events):
No events

Events (10 events):
Event: 0.023 loading class java/lang/Short
Event: 0.023 loading class java/lang/Short done
Event: 0.023 loading class java/lang/Integer
Event: 0.023 loading class java/lang/Integer done
Event: 0.023 loading class java/lang/Long
Event: 0.023 loading class java/lang/Long done
Event: 0.024 loading class java/lang/NullPointerException
Event: 0.024 loading class java/lang/NullPointerException done
Event: 0.024 loading class java/lang/ArithmeticException
Event: 0.024 loading class java/lang/ArithmeticException done


Dynamic libraries:
0x00007ff7bf290000 - 0x00007ff7bf2c7000 	E:\Java\jdk1.8.0\bin\java.exe
0x00007ffa17fb0000 - 0x00007ffa18171000 	C:\Windows\SYSTEM32\ntdll.dll
0x00007ffa15470000 - 0x00007ffa1551d000 	C:\Windows\system32\KERNEL32.DLL
0x00007ffa147c0000 - 0x00007ffa149a8000 	C:\Windows\system32\KERNELBASE.dll
0x00007ffa15520000 - 0x00007ffa155c7000 	C:\Windows\system32\ADVAPI32.dll
0x00007ffa17460000 - 0x00007ffa174fd000 	C:\Windows\system32\msvcrt.dll
0x00007ffa17a70000 - 0x00007ffa17acb000 	C:\Windows\system32\sechost.dll
0x00007ffa156c0000 - 0x00007ffa157dc000 	C:\Windows\system32\RPCRT4.dll
0x00007ffa16eb0000 - 0x00007ffa17006000 	C:\Windows\system32\USER32.dll
0x00007ffa17180000 - 0x00007ffa17306000 	C:\Windows\system32\GDI32.dll
0x00007ffa0f4e0000 - 0x00007ffa0f754000 	C:\Windows\WinSxS\amd64_microsoft.windows.common-controls_6595b64144ccf1df_6.0.10586.0_none_8c15ae12515e1c22\COMCTL32.dll
0x00007ffa17ce0000 - 0x00007ffa17f5d000 	C:\Windows\system32\combase.dll
0x00007ffa149b0000 - 0x00007ffa14a1a000 	C:\Windows\system32\bcryptPrimitives.dll
0x00007ffa17f70000 - 0x00007ffa17fab000 	C:\Windows\system32\IMM32.DLL
0x00000000751f0000 - 0x00000000752c2000 	E:\Java\jdk1.8.0\jre\bin\msvcr100.dll
0x0000000075790000 - 0x0000000076019000 	E:\Java\jdk1.8.0\jre\bin\server\jvm.dll
0x00007ffa16ea0000 - 0x00007ffa16ea8000 	C:\Windows\system32\PSAPI.DLL
0x00007ffa11a30000 - 0x00007ffa11a39000 	C:\Windows\SYSTEM32\WSOCK32.dll
0x00007ffa17500000 - 0x00007ffa1756b000 	C:\Windows\system32\WS2_32.dll
0x00007ffa12950000 - 0x00007ffa12973000 	C:\Windows\SYSTEM32\WINMM.dll
0x00007ffa10570000 - 0x00007ffa1057a000 	C:\Windows\SYSTEM32\VERSION.dll
0x0000000000850000 - 0x000000000087c000 	C:\Windows\SYSTEM32\WINMMBASE.dll
0x00007ffa14770000 - 0x00007ffa147b3000 	C:\Windows\system32\cfgmgr32.dll
0x00000000756a0000 - 0x00000000756af000 	E:\Java\jdk1.8.0\jre\bin\verify.dll
0x0000000075670000 - 0x0000000075699000 	E:\Java\jdk1.8.0\jre\bin\java.dll
0x0000000075650000 - 0x0000000075666000 	E:\Java\jdk1.8.0\jre\bin\zip.dll

VM Arguments:
jvm_args: -Djava.awt.headless=true -Xmx1024M -Dfile.encoding=GBK -Duser.country=CN -Duser.language=zh -Duser.variant 
java_command: com.android.dx.command.Main --dex --force-jumbo --num-threads=4 --multi-dex --output D:\AndroidProject\Sleep\app\build\intermediates\transforms\dex\debug\folders\1000\10\instant-run_ddea82c2eea34adfadbc8310a43e4cfb1004c20c D:\AndroidProject\Sleep\app\build\intermediates\incremental-runtime-classes\debug\instant-run.jar
java_class_path (initial): D:\Android\sdk\android-sdks\build-tools\build-tools-23.0.1\lib\dx.jar
Launcher Type: SUN_STANDARD

Environment Variables:
JAVA_HOME=E:\Java\jdk1.8.0
CLASSPATH=.;E:\Java\jdk1.8.0\lib\tools.jar;E:\Java\jdk1.8.0\lib\dt.jar;D:\Antlr\antlr-4.5.2-complete.jar
PATH=E:\Java\jdk1.8.0\bin;C:\Windows\system32;C:\Windows;C:\Windows\System32\Wbem;C:\Windows\System32\WindowsPowerShell\v1.0\;C:\Program Files (x86)\NVIDIA Corporation\PhysX\Common;D:\nodejs\;D:\Git/bin;C:\Program Files\Microsoft SQL Server\120\Tools\Binn\;D:\Bandizip\7z;D:\MaShang6\bin;C:\Users\LWQ\AppData\Roaming\npm
USERNAME=LWQ
OS=Windows_NT
PROCESSOR_IDENTIFIER=Intel64 Family 6 Model 60 Stepping 3, GenuineIntel



---------------  S Y S T E M  ---------------

OS: Windows 10.0 , 64 bit Build 10586 (10.0.10586.0)

CPU:total 8 (4 cores per cpu, 2 threads per core) family 6 model 60 stepping 3, cmov, cx8, fxsr, mmx, sse, sse2, sse3, ssse3, sse4.1, sse4.2, popcnt, avx, avx2, aes, clmul, erms, lzcnt, ht, tsc, tscinvbit, bmi1, bmi2

Memory: 4k page, physical 8306728k(2388656k free), swap 8306728k(5652k free)

vm_info: Java HotSpot(TM) 64-Bit Server VM (25.66-b18) for windows-amd64 JRE (1.8.0_66-b18), built on Nov  9 2015 10:51:13 by "java_re" with MS VC++ 10.0 (VS2010)

time: Sun Apr 10 21:12:22 2016
elapsed time: 0 seconds (0d 0h 0m 0s)

